<?xml version="1.0" encoding="UTF-8"?>
<!-- Generated by org.testng.reporters.JUnitReportReporter -->
<testsuite hostname="lonovo-PC" name="day1.Demo1" tests="4" failures="0" timestamp="2 Nov 2018 12:48:03 GMT" time="0.038" errors="0">
  <testcase name="tc4" time="0.005" classname="day1.Demo1"/>
  <testcase name="tc1" time="0.026" classname="day1.Demo1"/>
  <testcase name="tc2" time="0.003" classname="day1.Demo1"/>
  <testcase name="tc3" time="0.004" classname="day1.Demo1"/>
</testsuite> <!-- day1.Demo1 -->
