<?xml version="1.0" encoding="UTF-8"?>
<!-- Generated by org.testng.reporters.JUnitReportReporter -->
<testsuite skipped="0" hostname="lonovo-PC" name="com.pom.Myntratesting" tests="1" failures="0" timestamp="11 Aug 2019 06:19:26 GMT" time="46.165" errors="0">
  <testcase name="test" time="46.165" classname="com.pom.Myntratesting"/>
</testsuite> <!-- com.pom.Myntratesting -->
