<?xml version="1.0" encoding="UTF-8"?>
<!-- Generated by org.testng.reporters.JUnitReportReporter -->
<testsuite skipped="0" hostname="lonovo-PC" name="facebook.Fcebook" tests="1" failures="0" timestamp="17 Aug 2019 20:41:09 GMT" time="2.273" errors="0">
  <testcase name="login" time="2.273" classname="facebook.Fcebook"/>
</testsuite> <!-- facebook.Fcebook -->
