<?xml version="1.0" encoding="UTF-8"?>
<!-- Generated by org.testng.reporters.JUnitReportReporter -->
<testsuite skipped="0" hostname="lonovo-PC" name="com.newone.Myntra" tests="1" failures="0" timestamp="21 Aug 2019 16:11:50 GMT" time="26.758" errors="0">
  <testcase name="mouseover" time="26.758" classname="com.newone.Myntra"/>
</testsuite> <!-- com.newone.Myntra -->
