<?xml version="1.0" encoding="UTF-8"?>
<!-- Generated by org.testng.reporters.JUnitReportReporter -->
<testsuite skipped="0" hostname="lonovo-PC" name="com.facebook.Facebooklogin" tests="1" failures="0" timestamp="29 Jul 2019 16:38:13 GMT" time="4.016" errors="0">
  <testcase name="login" time="4.016" classname="com.facebook.Facebooklogin"/>
</testsuite> <!-- com.facebook.Facebooklogin -->
