<?xml version="1.0" encoding="UTF-8"?>
<!-- Generated by org.testng.reporters.JUnitReportReporter -->
<testsuite skipped="0" hostname="lonovo-PC" name="com.dropdown.Monster" tests="1" failures="0" timestamp="25 Jul 2019 08:02:14 GMT" time="1.158" errors="0">
  <testcase name="dropdown" time="1.158" classname="com.dropdown.Monster"/>
</testsuite> <!-- com.dropdown.Monster -->
