<?xml version="1.0" encoding="UTF-8"?>
<!-- Generated by org.testng.reporters.JUnitReportReporter -->
<testsuite skipped="0" hostname="lonovo-PC" name="com.draganddrop.Draganddrop" tests="1" failures="0" timestamp="27 Jul 2019 17:35:37 GMT" time="0.984" errors="0">
  <testcase name="draganddrop" time="0.984" classname="com.draganddrop.Draganddrop"/>
</testsuite> <!-- com.draganddrop.Draganddrop -->
