<?xml version="1.0" encoding="UTF-8"?>
<!-- Generated by org.testng.reporters.JUnitReportReporter -->
<testsuite skipped="0" hostname="lonovo-PC" name="com.dropdown.Flipkart_mousover" tests="1" failures="0" timestamp="25 Jul 2019 19:51:13 GMT" time="0.350" errors="0">
  <testcase name="dropdown" time="0.350" classname="com.dropdown.Flipkart_mousover"/>
</testsuite> <!-- com.dropdown.Flipkart_mousover -->
