<?xml version="1.0" encoding="UTF-8"?>
<!-- Generated by org.testng.reporters.JUnitReportReporter -->
<testsuite skipped="0" hostname="lonovo-PC" name="com.dropdown.Snapdeal_login" tests="1" failures="0" timestamp="28 Jul 2019 15:42:23 GMT" time="0.509" errors="0">
  <testcase name="Registerform" time="0.509" classname="com.dropdown.Snapdeal_login"/>
</testsuite> <!-- com.dropdown.Snapdeal_login -->
