<?xml version="1.0" encoding="UTF-8"?>
<!-- Generated by org.testng.reporters.JUnitReportReporter -->
<testsuite skipped="0" hostname="lonovo-PC" name="com.webtable.Timeandclock" tests="1" failures="0" timestamp="28 Jul 2019 16:04:56 GMT" time="0.605" errors="0">
  <testcase name="webtable" time="0.605" classname="com.webtable.Timeandclock"/>
</testsuite> <!-- com.webtable.Timeandclock -->
